<?xml version="1.0" encoding="UTF-8"?>
<!-- Generated by org.testng.reporters.JUnitReportReporter -->
<testsuite hostname="DESKTOP-2VVQ7IK" failures="0" tests="2" name="myfirstTestNGPackage.myFirstTest" time="22.533" errors="0" timestamp="15 May 2020 02:45:35 GMT">
  <testcase classname="myfirstTestNGPackage.myFirstTest" name="testCase01" time="10.809"/>
  <testcase classname="myfirstTestNGPackage.myFirstTest" name="testCase01" time="11.724"/>
</testsuite> <!-- myfirstTestNGPackage.myFirstTest -->
